[16/Feb/2021:11:22:41] (I): WordPress Instance Info:
[16/Feb/2021:11:22:41] (I): Home URL : https://vimarsh.info
[16/Feb/2021:11:22:41] (I): Site URL : https://vimarsh.info
[16/Feb/2021:11:22:41] (I): WordPress Version : 5.6.1
[16/Feb/2021:11:22:41] (I): Onboarding Version : 1.1.3
[16/Feb/2021:11:22:41] (I): Multisite : No
[16/Feb/2021:11:22:41] (I): Server Info : nginx/1.17.8
[16/Feb/2021:11:22:41] (I): PHP Version : 7.4.10
[16/Feb/2021:11:22:41] (I): HTTPS : Yes
[16/Feb/2021:11:22:41] (I): PHP Max Execution Time : 300
[16/Feb/2021:11:22:41] (I): PHP Max Input Vars : 1000
[16/Feb/2021:11:22:41] (I): Max Upload Size : 104857600
[16/Feb/2021:11:22:41] (I): Plugins:
[16/Feb/2021:11:22:41] (I): [PLUGIN] Koko Analytics : v1.0.24 (ibericode)
[16/Feb/2021:11:22:41] (I): [PLUGIN] Akismet Anti-Spam : v4.1.8 (Automattic)
[16/Feb/2021:11:22:41] (I): [PLUGIN] Cloudflare : v4.1.0 (Cloudflare, Inc.)
[16/Feb/2021:11:22:41] (I): [PLUGIN] MailPoet 3 (New) : v3.59.2 (MailPoet)
[16/Feb/2021:11:22:41] (I): [PLUGIN] Rank Math SEO : v1.0.57.1 (Rank Math)
[16/Feb/2021:11:22:41] (I): [PLUGIN] Templates Patterns Collection : v1.1.3 (ThemeIsle)
[16/Feb/2021:11:22:41] (I): [PLUGIN] UpdraftPlus - Backup/Restore : v1.16.47 (UpdraftPlus.Com, DavidAnderson)
[16/Feb/2021:11:22:41] (I): [PLUGIN] Smush : v3.8.2 (WPMU DEV)
